<?xml version="1.0" encoding="UTF-8" standalone="no"?>
<testsuite errors="0" failures="1" name="io.cucumber.core.plugin.JUnitFormatter" skipped="0" tests="2" time="0.584">
    <testcase classname="feature to test google search functionality" name="Validate google search is working" time="0.167">
        <failure message="The driver executable does not exist: E:\Eclipses\Demo\CucumberJava\src\test\resources\drivers\chromedriver.exe" type="java.lang.IllegalStateException"><![CDATA[Given browser window is open................................................failed
And user is on google search page...........................................skipped
When user enters a text in search box.......................................skipped
And hits enter..............................................................skipped
Then user is navigated to search results....................................skipped

StackTrace:
java.lang.IllegalStateException: The driver executable does not exist: E:\Eclipses\Demo\CucumberJava\src\test\resources\drivers\chromedriver.exe
	at com.google.common.base.Preconditions.checkState(Preconditions.java:589)
	at org.openqa.selenium.remote.service.DriverService.checkExecutable(DriverService.java:154)
	at org.openqa.selenium.remote.service.DriverService.findExecutable(DriverService.java:149)
	at org.openqa.selenium.chrome.ChromeDriverService.access$000(ChromeDriverService.java:36)
	at org.openqa.selenium.chrome.ChromeDriverService$Builder.findDefaultExecutable(ChromeDriverService.java:195)
	at org.openqa.selenium.remote.service.DriverService$Builder.build(DriverService.java:389)
	at org.openqa.selenium.chrome.ChromeDriverService.createDefaultService(ChromeDriverService.java:118)
	at org.openqa.selenium.chrome.ChromeDriver.<init>(ChromeDriver.java:105)
	at StepsDefinitions.GoogleSearchSteps.browser_is_open(GoogleSearchSteps.java:28)
	at âœ½.browser window is open(file:///E:/Eclipses/Demo/CucumberJava/src/test/resources/Features/GoogleSeatch.feature:4)
]]></failure>
    </testcase>
    <testcase classname="feature to test login functionality" name="Check login is successful with valid credentials" time="0.022">
        <system-out><![CDATA[Given user is on login page.................................................passed
When user enters username and password......................................passed
And clicks on login button..................................................passed
Then user is navigated to the home page.....................................passed
]]></system-out>
    </testcase>
</testsuite>
